[2022-11-27T12:08:53.547+0000] {taskinstance.py:1165} INFO - Dependencies all met for <TaskInstance: saham_one_time_historical.create_table_perusahaan manual__2022-11-27T12:06:20.476857+00:00 [queued]>
[2022-11-27T12:08:54.430+0000] {taskinstance.py:1165} INFO - Dependencies all met for <TaskInstance: saham_one_time_historical.create_table_perusahaan manual__2022-11-27T12:06:20.476857+00:00 [queued]>
[2022-11-27T12:08:54.433+0000] {taskinstance.py:1362} INFO - 
--------------------------------------------------------------------------------
[2022-11-27T12:08:54.453+0000] {taskinstance.py:1363} INFO - Starting attempt 1 of 4
[2022-11-27T12:08:54.463+0000] {taskinstance.py:1364} INFO - 
--------------------------------------------------------------------------------
[2022-11-27T12:08:55.824+0000] {taskinstance.py:1383} INFO - Executing <Task(PythonOperator): create_table_perusahaan> on 2022-11-27 12:06:20.476857+00:00
[2022-11-27T12:08:56.340+0000] {standard_task_runner.py:55} INFO - Started process 601 to run task
[2022-11-27T12:08:56.576+0000] {standard_task_runner.py:82} INFO - Running: ['***', 'tasks', 'run', 'saham_one_time_historical', 'create_table_perusahaan', 'manual__2022-11-27T12:06:20.476857+00:00', '--job-id', '80', '--raw', '--subdir', 'DAGS_FOLDER/one_time_historical_dag.py', '--cfg-path', '/tmp/tmpj8w8ez8f']
[2022-11-27T12:08:56.638+0000] {standard_task_runner.py:83} INFO - Job 80: Subtask create_table_perusahaan
[2022-11-27T12:09:07.072+0000] {task_command.py:376} INFO - Running <TaskInstance: saham_one_time_historical.create_table_perusahaan manual__2022-11-27T12:06:20.476857+00:00 [running]> on host 3cef85d75852
[2022-11-27T12:09:08.159+0000] {taskinstance.py:1592} INFO - Exporting the following env vars:
AIRFLOW_CTX_DAG_OWNER=kcb kelompok
AIRFLOW_CTX_DAG_ID=saham_one_time_historical
AIRFLOW_CTX_TASK_ID=create_table_perusahaan
AIRFLOW_CTX_EXECUTION_DATE=2022-11-27T12:06:20.476857+00:00
AIRFLOW_CTX_TRY_NUMBER=1
AIRFLOW_CTX_DAG_RUN_ID=manual__2022-11-27T12:06:20.476857+00:00
[2022-11-27T12:09:14.278+0000] {python.py:177} INFO - Done. Returned value was: None
[2022-11-27T12:09:14.403+0000] {taskinstance.py:1406} INFO - Marking task as SUCCESS. dag_id=saham_one_time_historical, task_id=create_table_perusahaan, execution_date=20221127T120620, start_date=20221127T120853, end_date=20221127T120914
[2022-11-27T12:09:14.759+0000] {local_task_job.py:159} INFO - Task exited with return code 0
[2022-11-27T12:09:15.255+0000] {taskinstance.py:2623} INFO - 1 downstream tasks scheduled from follow-on schedule check
