[2022-11-27T07:33:48.086+0000] {processor.py:154} INFO - Started process (PID=322) to work on /opt/airflow/dags/selenium_dag.py
[2022-11-27T07:33:48.139+0000] {processor.py:756} INFO - Processing file /opt/airflow/dags/selenium_dag.py for tasks to queue
[2022-11-27T07:33:48.161+0000] {logging_mixin.py:137} INFO - [2022-11-27T07:33:48.158+0000] {dagbag.py:537} INFO - Filling up the DagBag from /opt/airflow/dags/selenium_dag.py
[2022-11-27T07:33:49.083+0000] {logging_mixin.py:137} INFO - [2022-11-27T07:33:48.409+0000] {dagbag.py:342} ERROR - Failed to import: /opt/airflow/dags/selenium_dag.py
Traceback (most recent call last):
  File "/home/airflow/.local/lib/python3.7/site-packages/airflow/models/dagbag.py", line 338, in parse
    loader.exec_module(new_module)
  File "<frozen importlib._bootstrap_external>", line 728, in exec_module
  File "<frozen importlib._bootstrap>", line 219, in _call_with_frames_removed
  File "/opt/airflow/dags/selenium_dag.py", line 3, in <module>
    from airflow.operators.selenium_plugin import SeleniumOperator
ModuleNotFoundError: No module named 'airflow.operators.selenium_plugin'
[2022-11-27T07:33:49.169+0000] {processor.py:768} WARNING - No viable dags retrieved from /opt/airflow/dags/selenium_dag.py
[2022-11-27T07:33:49.724+0000] {processor.py:176} INFO - Processing /opt/airflow/dags/selenium_dag.py took 1.926 seconds
[2022-11-27T07:34:20.887+0000] {processor.py:154} INFO - Started process (PID=348) to work on /opt/airflow/dags/selenium_dag.py
[2022-11-27T07:34:20.929+0000] {processor.py:756} INFO - Processing file /opt/airflow/dags/selenium_dag.py for tasks to queue
[2022-11-27T07:34:20.936+0000] {logging_mixin.py:137} INFO - [2022-11-27T07:34:20.935+0000] {dagbag.py:537} INFO - Filling up the DagBag from /opt/airflow/dags/selenium_dag.py
[2022-11-27T07:34:20.980+0000] {logging_mixin.py:137} INFO - [2022-11-27T07:34:20.971+0000] {dagbag.py:342} ERROR - Failed to import: /opt/airflow/dags/selenium_dag.py
Traceback (most recent call last):
  File "/home/airflow/.local/lib/python3.7/site-packages/airflow/models/dagbag.py", line 338, in parse
    loader.exec_module(new_module)
  File "<frozen importlib._bootstrap_external>", line 728, in exec_module
  File "<frozen importlib._bootstrap>", line 219, in _call_with_frames_removed
  File "/opt/airflow/dags/selenium_dag.py", line 3, in <module>
    from airflow.operators.selenium_plugin import SeleniumOperator
ModuleNotFoundError: No module named 'airflow.operators.selenium_plugin'
[2022-11-27T07:34:20.993+0000] {processor.py:768} WARNING - No viable dags retrieved from /opt/airflow/dags/selenium_dag.py
[2022-11-27T07:34:21.094+0000] {processor.py:176} INFO - Processing /opt/airflow/dags/selenium_dag.py took 0.258 seconds
[2022-11-27T07:34:55.189+0000] {processor.py:154} INFO - Started process (PID=365) to work on /opt/airflow/dags/selenium_dag.py
[2022-11-27T07:34:55.205+0000] {processor.py:756} INFO - Processing file /opt/airflow/dags/selenium_dag.py for tasks to queue
[2022-11-27T07:34:55.221+0000] {logging_mixin.py:137} INFO - [2022-11-27T07:34:55.220+0000] {dagbag.py:537} INFO - Filling up the DagBag from /opt/airflow/dags/selenium_dag.py
[2022-11-27T07:34:55.443+0000] {logging_mixin.py:137} INFO - [2022-11-27T07:34:55.335+0000] {dagbag.py:342} ERROR - Failed to import: /opt/airflow/dags/selenium_dag.py
Traceback (most recent call last):
  File "/home/airflow/.local/lib/python3.7/site-packages/airflow/models/dagbag.py", line 338, in parse
    loader.exec_module(new_module)
  File "<frozen importlib._bootstrap_external>", line 728, in exec_module
  File "<frozen importlib._bootstrap>", line 219, in _call_with_frames_removed
  File "/opt/airflow/dags/selenium_dag.py", line 3, in <module>
    from airflow.operators.selenium_plugin import SeleniumOperator
ModuleNotFoundError: No module named 'airflow.operators.selenium_plugin'
[2022-11-27T07:34:55.474+0000] {processor.py:768} WARNING - No viable dags retrieved from /opt/airflow/dags/selenium_dag.py
[2022-11-27T07:34:59.568+0000] {processor.py:176} INFO - Processing /opt/airflow/dags/selenium_dag.py took 4.602 seconds
[2022-11-27T07:35:49.182+0000] {processor.py:154} INFO - Started process (PID=396) to work on /opt/airflow/dags/selenium_dag.py
[2022-11-27T07:35:49.622+0000] {processor.py:756} INFO - Processing file /opt/airflow/dags/selenium_dag.py for tasks to queue
[2022-11-27T07:35:49.840+0000] {logging_mixin.py:137} INFO - [2022-11-27T07:35:49.840+0000] {dagbag.py:537} INFO - Filling up the DagBag from /opt/airflow/dags/selenium_dag.py
[2022-11-27T07:35:52.086+0000] {logging_mixin.py:137} INFO - [2022-11-27T07:35:51.574+0000] {dagbag.py:342} ERROR - Failed to import: /opt/airflow/dags/selenium_dag.py
Traceback (most recent call last):
  File "/home/airflow/.local/lib/python3.7/site-packages/airflow/models/dagbag.py", line 338, in parse
    loader.exec_module(new_module)
  File "<frozen importlib._bootstrap_external>", line 728, in exec_module
  File "<frozen importlib._bootstrap>", line 219, in _call_with_frames_removed
  File "/opt/airflow/dags/selenium_dag.py", line 3, in <module>
    from airflow.operators.selenium_plugin import SeleniumOperator
ModuleNotFoundError: No module named 'airflow.operators.selenium_plugin'
[2022-11-27T07:35:52.139+0000] {processor.py:768} WARNING - No viable dags retrieved from /opt/airflow/dags/selenium_dag.py
[2022-11-27T07:35:55.199+0000] {processor.py:176} INFO - Processing /opt/airflow/dags/selenium_dag.py took 6.479 seconds
[2022-11-27T07:36:57.195+0000] {processor.py:154} INFO - Started process (PID=422) to work on /opt/airflow/dags/selenium_dag.py
[2022-11-27T07:36:57.249+0000] {processor.py:756} INFO - Processing file /opt/airflow/dags/selenium_dag.py for tasks to queue
[2022-11-27T07:36:57.284+0000] {logging_mixin.py:137} INFO - [2022-11-27T07:36:57.284+0000] {dagbag.py:537} INFO - Filling up the DagBag from /opt/airflow/dags/selenium_dag.py
[2022-11-27T07:36:58.501+0000] {logging_mixin.py:137} INFO - [2022-11-27T07:36:57.873+0000] {dagbag.py:342} ERROR - Failed to import: /opt/airflow/dags/selenium_dag.py
Traceback (most recent call last):
  File "/home/airflow/.local/lib/python3.7/site-packages/airflow/models/dagbag.py", line 338, in parse
    loader.exec_module(new_module)
  File "<frozen importlib._bootstrap_external>", line 728, in exec_module
  File "<frozen importlib._bootstrap>", line 219, in _call_with_frames_removed
  File "/opt/airflow/dags/selenium_dag.py", line 3, in <module>
    from airflow.operators.selenium_plugin import SeleniumOperator
ModuleNotFoundError: No module named 'airflow.operators.selenium_plugin'
[2022-11-27T07:36:58.616+0000] {processor.py:768} WARNING - No viable dags retrieved from /opt/airflow/dags/selenium_dag.py
[2022-11-27T07:37:06.546+0000] {processor.py:176} INFO - Processing /opt/airflow/dags/selenium_dag.py took 9.682 seconds
[2022-11-27T07:38:52.684+0000] {processor.py:154} INFO - Started process (PID=459) to work on /opt/airflow/dags/selenium_dag.py
[2022-11-27T07:38:52.766+0000] {processor.py:756} INFO - Processing file /opt/airflow/dags/selenium_dag.py for tasks to queue
[2022-11-27T07:38:56.262+0000] {logging_mixin.py:137} INFO - [2022-11-27T07:38:53.878+0000] {dagbag.py:537} INFO - Filling up the DagBag from /opt/airflow/dags/selenium_dag.py
[2022-11-27T07:39:12.967+0000] {logging_mixin.py:137} INFO - [2022-11-27T07:39:08.153+0000] {dagbag.py:342} ERROR - Failed to import: /opt/airflow/dags/selenium_dag.py
Traceback (most recent call last):
  File "/home/airflow/.local/lib/python3.7/site-packages/airflow/models/dagbag.py", line 338, in parse
    loader.exec_module(new_module)
  File "<frozen importlib._bootstrap_external>", line 728, in exec_module
  File "<frozen importlib._bootstrap>", line 219, in _call_with_frames_removed
  File "/opt/airflow/dags/selenium_dag.py", line 3, in <module>
    from airflow.operators.selenium_plugin import SeleniumOperator
ModuleNotFoundError: No module named 'airflow.operators.selenium_plugin'
[2022-11-27T07:39:13.135+0000] {processor.py:768} WARNING - No viable dags retrieved from /opt/airflow/dags/selenium_dag.py
[2022-11-27T07:39:29.948+0000] {processor.py:176} INFO - Processing /opt/airflow/dags/selenium_dag.py took 38.142 seconds
[2022-11-27T07:40:09.003+0000] {processor.py:154} INFO - Started process (PID=486) to work on /opt/airflow/dags/selenium_dag.py
[2022-11-27T07:40:09.044+0000] {processor.py:756} INFO - Processing file /opt/airflow/dags/selenium_dag.py for tasks to queue
[2022-11-27T07:40:09.095+0000] {logging_mixin.py:137} INFO - [2022-11-27T07:40:09.086+0000] {dagbag.py:537} INFO - Filling up the DagBag from /opt/airflow/dags/selenium_dag.py
[2022-11-27T07:40:11.327+0000] {logging_mixin.py:137} INFO - [2022-11-27T07:40:11.291+0000] {dagbag.py:342} ERROR - Failed to import: /opt/airflow/dags/selenium_dag.py
Traceback (most recent call last):
  File "/home/airflow/.local/lib/python3.7/site-packages/airflow/models/dagbag.py", line 338, in parse
    loader.exec_module(new_module)
  File "<frozen importlib._bootstrap_external>", line 728, in exec_module
  File "<frozen importlib._bootstrap>", line 219, in _call_with_frames_removed
  File "/opt/airflow/dags/selenium_dag.py", line 3, in <module>
    from airflow.operators.selenium_plugin import SeleniumOperator
ModuleNotFoundError: No module named 'airflow.operators.selenium_plugin'
[2022-11-27T07:40:11.332+0000] {processor.py:768} WARNING - No viable dags retrieved from /opt/airflow/dags/selenium_dag.py
[2022-11-27T07:40:46.883+0000] {processor.py:176} INFO - Processing /opt/airflow/dags/selenium_dag.py took 43.496 seconds
[2022-11-27T07:40:56.789+0000] {processor.py:154} INFO - Started process (PID=507) to work on /opt/airflow/dags/selenium_dag.py
[2022-11-27T07:40:56.898+0000] {processor.py:756} INFO - Processing file /opt/airflow/dags/selenium_dag.py for tasks to queue
[2022-11-27T07:40:57.335+0000] {logging_mixin.py:137} INFO - [2022-11-27T07:40:57.125+0000] {dagbag.py:537} INFO - Filling up the DagBag from /opt/airflow/dags/selenium_dag.py
[2022-11-27T07:40:58.672+0000] {logging_mixin.py:137} INFO - [2022-11-27T07:40:58.470+0000] {dagbag.py:342} ERROR - Failed to import: /opt/airflow/dags/selenium_dag.py
Traceback (most recent call last):
  File "/home/airflow/.local/lib/python3.7/site-packages/airflow/models/dagbag.py", line 338, in parse
    loader.exec_module(new_module)
  File "<frozen importlib._bootstrap_external>", line 728, in exec_module
  File "<frozen importlib._bootstrap>", line 219, in _call_with_frames_removed
  File "/opt/airflow/dags/selenium_dag.py", line 3, in <module>
    from airflow.operators.selenium_plugin import SeleniumOperator
ModuleNotFoundError: No module named 'airflow.operators.selenium_plugin'
[2022-11-27T07:40:58.706+0000] {processor.py:768} WARNING - No viable dags retrieved from /opt/airflow/dags/selenium_dag.py
[2022-11-27T07:41:38.817+0000] {processor.py:176} INFO - Processing /opt/airflow/dags/selenium_dag.py took 43.321 seconds
[2022-11-27T07:42:36.846+0000] {processor.py:154} INFO - Started process (PID=536) to work on /opt/airflow/dags/selenium_dag.py
[2022-11-27T07:42:37.259+0000] {processor.py:756} INFO - Processing file /opt/airflow/dags/selenium_dag.py for tasks to queue
[2022-11-27T07:42:37.320+0000] {logging_mixin.py:137} INFO - [2022-11-27T07:42:37.319+0000] {dagbag.py:537} INFO - Filling up the DagBag from /opt/airflow/dags/selenium_dag.py
[2022-11-27T07:42:41.826+0000] {logging_mixin.py:137} INFO - [2022-11-27T07:42:41.263+0000] {dagbag.py:342} ERROR - Failed to import: /opt/airflow/dags/selenium_dag.py
Traceback (most recent call last):
  File "/home/airflow/.local/lib/python3.7/site-packages/airflow/models/dagbag.py", line 338, in parse
    loader.exec_module(new_module)
  File "<frozen importlib._bootstrap_external>", line 728, in exec_module
  File "<frozen importlib._bootstrap>", line 219, in _call_with_frames_removed
  File "/opt/airflow/dags/selenium_dag.py", line 3, in <module>
    from airflow.operators.selenium_plugin import SeleniumOperator
ModuleNotFoundError: No module named 'airflow.operators.selenium_plugin'
[2022-11-27T07:42:41.906+0000] {processor.py:768} WARNING - No viable dags retrieved from /opt/airflow/dags/selenium_dag.py
[2022-11-27T07:43:30.398+0000] {processor.py:176} INFO - Processing /opt/airflow/dags/selenium_dag.py took 54.820 seconds
