[2022-11-27T11:07:03.751+0000] {taskinstance.py:1165} INFO - Dependencies all met for <TaskInstance: saham_one_time_historical.create_table_sekuritas manual__2022-11-27T11:05:43.049679+00:00 [queued]>
[2022-11-27T11:07:04.537+0000] {taskinstance.py:1165} INFO - Dependencies all met for <TaskInstance: saham_one_time_historical.create_table_sekuritas manual__2022-11-27T11:05:43.049679+00:00 [queued]>
[2022-11-27T11:07:04.685+0000] {taskinstance.py:1362} INFO - 
--------------------------------------------------------------------------------
[2022-11-27T11:07:04.696+0000] {taskinstance.py:1363} INFO - Starting attempt 1 of 4
[2022-11-27T11:07:04.720+0000] {taskinstance.py:1364} INFO - 
--------------------------------------------------------------------------------
[2022-11-27T11:07:05.668+0000] {taskinstance.py:1383} INFO - Executing <Task(PythonOperator): create_table_sekuritas> on 2022-11-27 11:05:43.049679+00:00
[2022-11-27T11:07:05.867+0000] {standard_task_runner.py:55} INFO - Started process 1424 to run task
[2022-11-27T11:07:05.922+0000] {standard_task_runner.py:82} INFO - Running: ['***', 'tasks', 'run', 'saham_one_time_historical', 'create_table_sekuritas', 'manual__2022-11-27T11:05:43.049679+00:00', '--job-id', '33', '--raw', '--subdir', 'DAGS_FOLDER/one_time_historical_dag.py', '--cfg-path', '/tmp/tmp8dhvjvlv']
[2022-11-27T11:07:05.951+0000] {standard_task_runner.py:83} INFO - Job 33: Subtask create_table_sekuritas
[2022-11-27T11:07:07.518+0000] {task_command.py:376} INFO - Running <TaskInstance: saham_one_time_historical.create_table_sekuritas manual__2022-11-27T11:05:43.049679+00:00 [running]> on host 3cef85d75852
[2022-11-27T11:07:11.529+0000] {taskinstance.py:1592} INFO - Exporting the following env vars:
AIRFLOW_CTX_DAG_OWNER=kcb kelompok
AIRFLOW_CTX_DAG_ID=saham_one_time_historical
AIRFLOW_CTX_TASK_ID=create_table_sekuritas
AIRFLOW_CTX_EXECUTION_DATE=2022-11-27T11:05:43.049679+00:00
AIRFLOW_CTX_TRY_NUMBER=1
AIRFLOW_CTX_DAG_RUN_ID=manual__2022-11-27T11:05:43.049679+00:00
[2022-11-27T11:07:14.443+0000] {python.py:177} INFO - Done. Returned value was: None
[2022-11-27T11:07:14.613+0000] {taskinstance.py:1406} INFO - Marking task as SUCCESS. dag_id=saham_one_time_historical, task_id=create_table_sekuritas, execution_date=20221127T110543, start_date=20221127T110704, end_date=20221127T110714
[2022-11-27T11:07:15.161+0000] {local_task_job.py:159} INFO - Task exited with return code 0
[2022-11-27T11:07:17.858+0000] {taskinstance.py:2623} INFO - 0 downstream tasks scheduled from follow-on schedule check
