[2022-11-27T11:38:48.316+0000] {taskinstance.py:1165} INFO - Dependencies all met for <TaskInstance: saham_one_time_historical.create_table_sekuritas manual__2022-11-27T11:36:48.413460+00:00 [queued]>
[2022-11-27T11:38:50.575+0000] {taskinstance.py:1165} INFO - Dependencies all met for <TaskInstance: saham_one_time_historical.create_table_sekuritas manual__2022-11-27T11:36:48.413460+00:00 [queued]>
[2022-11-27T11:38:50.615+0000] {taskinstance.py:1362} INFO - 
--------------------------------------------------------------------------------
[2022-11-27T11:38:50.620+0000] {taskinstance.py:1363} INFO - Starting attempt 1 of 4
[2022-11-27T11:38:50.637+0000] {taskinstance.py:1364} INFO - 
--------------------------------------------------------------------------------
[2022-11-27T11:38:51.298+0000] {taskinstance.py:1383} INFO - Executing <Task(PythonOperator): create_table_sekuritas> on 2022-11-27 11:36:48.413460+00:00
[2022-11-27T11:38:51.774+0000] {standard_task_runner.py:55} INFO - Started process 319 to run task
[2022-11-27T11:38:51.844+0000] {standard_task_runner.py:82} INFO - Running: ['***', 'tasks', 'run', 'saham_one_time_historical', 'create_table_sekuritas', 'manual__2022-11-27T11:36:48.413460+00:00', '--job-id', '40', '--raw', '--subdir', 'DAGS_FOLDER/one_time_historical_dag.py', '--cfg-path', '/tmp/tmpvj4rzeuh']
[2022-11-27T11:38:51.916+0000] {standard_task_runner.py:83} INFO - Job 40: Subtask create_table_sekuritas
[2022-11-27T11:39:53.921+0000] {task_command.py:376} INFO - Running <TaskInstance: saham_one_time_historical.create_table_sekuritas manual__2022-11-27T11:36:48.413460+00:00 [running]> on host 3cef85d75852
[2022-11-27T11:40:04.625+0000] {taskinstance.py:1592} INFO - Exporting the following env vars:
AIRFLOW_CTX_DAG_OWNER=kcb kelompok
AIRFLOW_CTX_DAG_ID=saham_one_time_historical
AIRFLOW_CTX_TASK_ID=create_table_sekuritas
AIRFLOW_CTX_EXECUTION_DATE=2022-11-27T11:36:48.413460+00:00
AIRFLOW_CTX_TRY_NUMBER=1
AIRFLOW_CTX_DAG_RUN_ID=manual__2022-11-27T11:36:48.413460+00:00
[2022-11-27T11:40:08.132+0000] {python.py:177} INFO - Done. Returned value was: None
[2022-11-27T11:40:10.707+0000] {taskinstance.py:1406} INFO - Marking task as SUCCESS. dag_id=saham_one_time_historical, task_id=create_table_sekuritas, execution_date=20221127T113648, start_date=20221127T113848, end_date=20221127T114010
[2022-11-27T11:40:19.074+0000] {local_task_job.py:159} INFO - Task exited with return code 0
[2022-11-27T11:40:30.592+0000] {taskinstance.py:2623} INFO - 0 downstream tasks scheduled from follow-on schedule check
