[2022-11-27T11:08:27.895+0000] {taskinstance.py:1165} INFO - Dependencies all met for <TaskInstance: saham_one_time_historical.insert_table_saham manual__2022-11-27T11:05:43.049679+00:00 [queued]>
[2022-11-27T11:08:31.585+0000] {taskinstance.py:1165} INFO - Dependencies all met for <TaskInstance: saham_one_time_historical.insert_table_saham manual__2022-11-27T11:05:43.049679+00:00 [queued]>
[2022-11-27T11:08:31.613+0000] {taskinstance.py:1362} INFO - 
--------------------------------------------------------------------------------
[2022-11-27T11:08:31.656+0000] {taskinstance.py:1363} INFO - Starting attempt 1 of 4
[2022-11-27T11:08:31.659+0000] {taskinstance.py:1364} INFO - 
--------------------------------------------------------------------------------
[2022-11-27T11:08:32.896+0000] {taskinstance.py:1383} INFO - Executing <Task(PythonOperator): insert_table_saham> on 2022-11-27 11:05:43.049679+00:00
[2022-11-27T11:08:33.284+0000] {standard_task_runner.py:55} INFO - Started process 1466 to run task
[2022-11-27T11:08:33.806+0000] {standard_task_runner.py:82} INFO - Running: ['***', 'tasks', 'run', 'saham_one_time_historical', 'insert_table_saham', 'manual__2022-11-27T11:05:43.049679+00:00', '--job-id', '35', '--raw', '--subdir', 'DAGS_FOLDER/one_time_historical_dag.py', '--cfg-path', '/tmp/tmpt81g4f9g']
[2022-11-27T11:08:33.981+0000] {standard_task_runner.py:83} INFO - Job 35: Subtask insert_table_saham
[2022-11-27T11:09:39.987+0000] {task_command.py:376} INFO - Running <TaskInstance: saham_one_time_historical.insert_table_saham manual__2022-11-27T11:05:43.049679+00:00 [running]> on host 3cef85d75852
[2022-11-27T11:09:46.340+0000] {taskinstance.py:1592} INFO - Exporting the following env vars:
AIRFLOW_CTX_DAG_OWNER=kcb kelompok
AIRFLOW_CTX_DAG_ID=saham_one_time_historical
AIRFLOW_CTX_TASK_ID=insert_table_saham
AIRFLOW_CTX_EXECUTION_DATE=2022-11-27T11:05:43.049679+00:00
AIRFLOW_CTX_TRY_NUMBER=1
AIRFLOW_CTX_DAG_RUN_ID=manual__2022-11-27T11:05:43.049679+00:00
[2022-11-27T11:12:38.167+0000] {python.py:177} INFO - Done. Returned value was: None
[2022-11-27T11:12:56.855+0000] {taskinstance.py:1406} INFO - Marking task as SUCCESS. dag_id=saham_one_time_historical, task_id=insert_table_saham, execution_date=20221127T110543, start_date=20221127T110828, end_date=20221127T111255
[2022-11-27T11:13:20.538+0000] {local_task_job.py:223} WARNING - State of this instance has been externally set to success. Terminating instance.
[2022-11-27T11:13:27.440+0000] {process_utils.py:133} INFO - Sending Signals.SIGTERM to group 1466. PIDs of all processes in the group: [1466]
[2022-11-27T11:13:28.337+0000] {process_utils.py:84} INFO - Sending the signal Signals.SIGTERM to group 1466
[2022-11-27T11:13:28.943+0000] {process_utils.py:79} INFO - Process psutil.Process(pid=1466, status='terminated', exitcode=0, started='11:08:32') (1466) terminated with exit code 0
