[2022-11-27T13:02:19.269+0000] {taskinstance.py:1165} INFO - Dependencies all met for <TaskInstance: saham_one_time_historical.drop_all_table manual__2022-11-27T13:01:58.513278+00:00 [queued]>
[2022-11-27T13:02:19.476+0000] {taskinstance.py:1165} INFO - Dependencies all met for <TaskInstance: saham_one_time_historical.drop_all_table manual__2022-11-27T13:01:58.513278+00:00 [queued]>
[2022-11-27T13:02:19.479+0000] {taskinstance.py:1362} INFO - 
--------------------------------------------------------------------------------
[2022-11-27T13:02:19.488+0000] {taskinstance.py:1363} INFO - Starting attempt 1 of 4
[2022-11-27T13:02:19.545+0000] {taskinstance.py:1364} INFO - 
--------------------------------------------------------------------------------
[2022-11-27T13:02:20.043+0000] {taskinstance.py:1383} INFO - Executing <Task(PythonOperator): drop_all_table> on 2022-11-27 13:01:58.513278+00:00
[2022-11-27T13:02:20.770+0000] {standard_task_runner.py:55} INFO - Started process 2452 to run task
[2022-11-27T13:02:20.849+0000] {standard_task_runner.py:82} INFO - Running: ['***', 'tasks', 'run', 'saham_one_time_historical', 'drop_all_table', 'manual__2022-11-27T13:01:58.513278+00:00', '--job-id', '84', '--raw', '--subdir', 'DAGS_FOLDER/one_time_historical_dag.py', '--cfg-path', '/tmp/tmprfff2yyo']
[2022-11-27T13:02:21.407+0000] {standard_task_runner.py:83} INFO - Job 84: Subtask drop_all_table
[2022-11-27T13:02:29.595+0000] {task_command.py:376} INFO - Running <TaskInstance: saham_one_time_historical.drop_all_table manual__2022-11-27T13:01:58.513278+00:00 [running]> on host 3cef85d75852
[2022-11-27T13:02:31.350+0000] {taskinstance.py:1592} INFO - Exporting the following env vars:
AIRFLOW_CTX_DAG_OWNER=kcb kelompok
AIRFLOW_CTX_DAG_ID=saham_one_time_historical
AIRFLOW_CTX_TASK_ID=drop_all_table
AIRFLOW_CTX_EXECUTION_DATE=2022-11-27T13:01:58.513278+00:00
AIRFLOW_CTX_TRY_NUMBER=1
AIRFLOW_CTX_DAG_RUN_ID=manual__2022-11-27T13:01:58.513278+00:00
[2022-11-27T13:02:33.439+0000] {python.py:177} INFO - Done. Returned value was: None
[2022-11-27T13:02:33.515+0000] {taskinstance.py:1406} INFO - Marking task as SUCCESS. dag_id=saham_one_time_historical, task_id=drop_all_table, execution_date=20221127T130158, start_date=20221127T130219, end_date=20221127T130233
[2022-11-27T13:02:33.786+0000] {local_task_job.py:159} INFO - Task exited with return code 0
[2022-11-27T13:02:34.241+0000] {taskinstance.py:2623} INFO - 0 downstream tasks scheduled from follow-on schedule check
