[2022-11-27T11:40:00.820+0000] {taskinstance.py:1165} INFO - Dependencies all met for <TaskInstance: saham_one_time_historical.create_table_saham manual__2022-11-27T11:36:48.413460+00:00 [queued]>
[2022-11-27T11:40:03.417+0000] {taskinstance.py:1165} INFO - Dependencies all met for <TaskInstance: saham_one_time_historical.create_table_saham manual__2022-11-27T11:36:48.413460+00:00 [queued]>
[2022-11-27T11:40:03.422+0000] {taskinstance.py:1362} INFO - 
--------------------------------------------------------------------------------
[2022-11-27T11:40:03.425+0000] {taskinstance.py:1363} INFO - Starting attempt 1 of 4
[2022-11-27T11:40:03.433+0000] {taskinstance.py:1364} INFO - 
--------------------------------------------------------------------------------
[2022-11-27T11:40:04.856+0000] {taskinstance.py:1383} INFO - Executing <Task(PythonOperator): create_table_saham> on 2022-11-27 11:36:48.413460+00:00
[2022-11-27T11:40:06.641+0000] {standard_task_runner.py:55} INFO - Started process 349 to run task
[2022-11-27T11:40:07.943+0000] {standard_task_runner.py:82} INFO - Running: ['***', 'tasks', 'run', 'saham_one_time_historical', 'create_table_saham', 'manual__2022-11-27T11:36:48.413460+00:00', '--job-id', '41', '--raw', '--subdir', 'DAGS_FOLDER/one_time_historical_dag.py', '--cfg-path', '/tmp/tmp6gp19r08']
[2022-11-27T11:40:08.315+0000] {standard_task_runner.py:83} INFO - Job 41: Subtask create_table_saham
[2022-11-27T11:40:25.385+0000] {task_command.py:376} INFO - Running <TaskInstance: saham_one_time_historical.create_table_saham manual__2022-11-27T11:36:48.413460+00:00 [running]> on host 3cef85d75852
[2022-11-27T11:41:05.149+0000] {taskinstance.py:1592} INFO - Exporting the following env vars:
AIRFLOW_CTX_DAG_OWNER=kcb kelompok
AIRFLOW_CTX_DAG_ID=saham_one_time_historical
AIRFLOW_CTX_TASK_ID=create_table_saham
AIRFLOW_CTX_EXECUTION_DATE=2022-11-27T11:36:48.413460+00:00
AIRFLOW_CTX_TRY_NUMBER=1
AIRFLOW_CTX_DAG_RUN_ID=manual__2022-11-27T11:36:48.413460+00:00
[2022-11-27T11:41:10.206+0000] {python.py:177} INFO - Done. Returned value was: None
[2022-11-27T11:41:11.160+0000] {taskinstance.py:1406} INFO - Marking task as SUCCESS. dag_id=saham_one_time_historical, task_id=create_table_saham, execution_date=20221127T113648, start_date=20221127T114001, end_date=20221127T114111
[2022-11-27T11:41:26.746+0000] {local_task_job.py:159} INFO - Task exited with return code 0
[2022-11-27T11:41:31.467+0000] {taskinstance.py:2623} INFO - 1 downstream tasks scheduled from follow-on schedule check
