[2022-11-27T11:11:27.683+0000] {taskinstance.py:1165} INFO - Dependencies all met for <TaskInstance: saham_one_time_historical.create_table_perusahaan manual__2022-11-27T11:05:43.049679+00:00 [queued]>
[2022-11-27T11:11:46.925+0000] {taskinstance.py:1165} INFO - Dependencies all met for <TaskInstance: saham_one_time_historical.create_table_perusahaan manual__2022-11-27T11:05:43.049679+00:00 [queued]>
[2022-11-27T11:11:47.181+0000] {taskinstance.py:1362} INFO - 
--------------------------------------------------------------------------------
[2022-11-27T11:11:47.212+0000] {taskinstance.py:1363} INFO - Starting attempt 1 of 4
[2022-11-27T11:11:47.316+0000] {taskinstance.py:1364} INFO - 
--------------------------------------------------------------------------------
[2022-11-27T11:12:13.526+0000] {taskinstance.py:1383} INFO - Executing <Task(PythonOperator): create_table_perusahaan> on 2022-11-27 11:05:43.049679+00:00
[2022-11-27T11:12:14.168+0000] {standard_task_runner.py:55} INFO - Started process 1559 to run task
[2022-11-27T11:12:15.535+0000] {standard_task_runner.py:82} INFO - Running: ['***', 'tasks', 'run', 'saham_one_time_historical', 'create_table_perusahaan', 'manual__2022-11-27T11:05:43.049679+00:00', '--job-id', '36', '--raw', '--subdir', 'DAGS_FOLDER/one_time_historical_dag.py', '--cfg-path', '/tmp/tmpekr61wk_']
[2022-11-27T11:12:16.127+0000] {standard_task_runner.py:83} INFO - Job 36: Subtask create_table_perusahaan
[2022-11-27T11:13:04.842+0000] {task_command.py:376} INFO - Running <TaskInstance: saham_one_time_historical.create_table_perusahaan manual__2022-11-27T11:05:43.049679+00:00 [running]> on host 3cef85d75852
[2022-11-27T11:13:56.543+0000] {taskinstance.py:1592} INFO - Exporting the following env vars:
AIRFLOW_CTX_DAG_OWNER=kcb kelompok
AIRFLOW_CTX_DAG_ID=saham_one_time_historical
AIRFLOW_CTX_TASK_ID=create_table_perusahaan
AIRFLOW_CTX_EXECUTION_DATE=2022-11-27T11:05:43.049679+00:00
AIRFLOW_CTX_TRY_NUMBER=1
AIRFLOW_CTX_DAG_RUN_ID=manual__2022-11-27T11:05:43.049679+00:00
[2022-11-27T11:14:44.151+0000] {python.py:177} INFO - Done. Returned value was: None
[2022-11-27T11:15:07.881+0000] {taskinstance.py:1406} INFO - Marking task as SUCCESS. dag_id=saham_one_time_historical, task_id=create_table_perusahaan, execution_date=20221127T110543, start_date=20221127T111139, end_date=20221127T111507
[2022-11-27T11:15:59.189+0000] {local_task_job.py:223} WARNING - State of this instance has been externally set to success. Terminating instance.
[2022-11-27T11:16:04.279+0000] {process_utils.py:133} INFO - Sending Signals.SIGTERM to group 1559. PIDs of all processes in the group: [1559]
[2022-11-27T11:16:05.633+0000] {process_utils.py:84} INFO - Sending the signal Signals.SIGTERM to group 1559
[2022-11-27T11:16:06.131+0000] {process_utils.py:79} INFO - Process psutil.Process(pid=1559, status='terminated', exitcode=0, started='11:12:13') (1559) terminated with exit code 0
