[2022-11-27T09:48:06.616+0000] {taskinstance.py:1165} INFO - Dependencies all met for <TaskInstance: saham_one_time_historical.create_table_saham manual__2022-11-27T09:47:10.422410+00:00 [queued]>
[2022-11-27T09:48:06.739+0000] {taskinstance.py:1165} INFO - Dependencies all met for <TaskInstance: saham_one_time_historical.create_table_saham manual__2022-11-27T09:47:10.422410+00:00 [queued]>
[2022-11-27T09:48:06.741+0000] {taskinstance.py:1362} INFO - 
--------------------------------------------------------------------------------
[2022-11-27T09:48:06.793+0000] {taskinstance.py:1363} INFO - Starting attempt 1 of 4
[2022-11-27T09:48:06.933+0000] {taskinstance.py:1364} INFO - 
--------------------------------------------------------------------------------
[2022-11-27T09:48:08.794+0000] {taskinstance.py:1383} INFO - Executing <Task(PythonOperator): create_table_saham> on 2022-11-27 09:47:10.422410+00:00
[2022-11-27T09:48:09.128+0000] {standard_task_runner.py:55} INFO - Started process 289 to run task
[2022-11-27T09:48:09.203+0000] {standard_task_runner.py:82} INFO - Running: ['***', 'tasks', 'run', 'saham_one_time_historical', 'create_table_saham', 'manual__2022-11-27T09:47:10.422410+00:00', '--job-id', '16', '--raw', '--subdir', 'DAGS_FOLDER/one_time_historical_dag.py', '--cfg-path', '/tmp/tmpw8yyf8l9']
[2022-11-27T09:48:09.312+0000] {standard_task_runner.py:83} INFO - Job 16: Subtask create_table_saham
[2022-11-27T09:48:16.933+0000] {task_command.py:376} INFO - Running <TaskInstance: saham_one_time_historical.create_table_saham manual__2022-11-27T09:47:10.422410+00:00 [running]> on host 3cef85d75852
[2022-11-27T09:48:18.141+0000] {taskinstance.py:1592} INFO - Exporting the following env vars:
AIRFLOW_CTX_DAG_OWNER=kcb kelompok
AIRFLOW_CTX_DAG_ID=saham_one_time_historical
AIRFLOW_CTX_TASK_ID=create_table_saham
AIRFLOW_CTX_EXECUTION_DATE=2022-11-27T09:47:10.422410+00:00
AIRFLOW_CTX_TRY_NUMBER=1
AIRFLOW_CTX_DAG_RUN_ID=manual__2022-11-27T09:47:10.422410+00:00
[2022-11-27T09:48:20.350+0000] {python.py:177} INFO - Done. Returned value was: None
[2022-11-27T09:48:20.504+0000] {taskinstance.py:1406} INFO - Marking task as SUCCESS. dag_id=saham_one_time_historical, task_id=create_table_saham, execution_date=20221127T094710, start_date=20221127T094806, end_date=20221127T094820
[2022-11-27T09:48:20.713+0000] {local_task_job.py:159} INFO - Task exited with return code 0
[2022-11-27T09:48:21.081+0000] {taskinstance.py:2623} INFO - 0 downstream tasks scheduled from follow-on schedule check
