[2022-11-27T12:10:25.324+0000] {taskinstance.py:1165} INFO - Dependencies all met for <TaskInstance: saham_one_time_historical.insert_table_perusahaan manual__2022-11-27T12:06:20.476857+00:00 [queued]>
[2022-11-27T12:10:25.356+0000] {taskinstance.py:1165} INFO - Dependencies all met for <TaskInstance: saham_one_time_historical.insert_table_perusahaan manual__2022-11-27T12:06:20.476857+00:00 [queued]>
[2022-11-27T12:10:25.359+0000] {taskinstance.py:1362} INFO - 
--------------------------------------------------------------------------------
[2022-11-27T12:10:25.363+0000] {taskinstance.py:1363} INFO - Starting attempt 1 of 4
[2022-11-27T12:10:25.366+0000] {taskinstance.py:1364} INFO - 
--------------------------------------------------------------------------------
[2022-11-27T12:10:25.422+0000] {taskinstance.py:1383} INFO - Executing <Task(PythonOperator): insert_table_perusahaan> on 2022-11-27 12:06:20.476857+00:00
[2022-11-27T12:10:25.436+0000] {standard_task_runner.py:55} INFO - Started process 647 to run task
[2022-11-27T12:10:25.452+0000] {standard_task_runner.py:82} INFO - Running: ['***', 'tasks', 'run', 'saham_one_time_historical', 'insert_table_perusahaan', 'manual__2022-11-27T12:06:20.476857+00:00', '--job-id', '82', '--raw', '--subdir', 'DAGS_FOLDER/one_time_historical_dag.py', '--cfg-path', '/tmp/tmpurf290uz']
[2022-11-27T12:10:25.458+0000] {standard_task_runner.py:83} INFO - Job 82: Subtask insert_table_perusahaan
[2022-11-27T12:10:26.661+0000] {task_command.py:376} INFO - Running <TaskInstance: saham_one_time_historical.insert_table_perusahaan manual__2022-11-27T12:06:20.476857+00:00 [running]> on host 3cef85d75852
[2022-11-27T12:10:29.985+0000] {taskinstance.py:1592} INFO - Exporting the following env vars:
AIRFLOW_CTX_DAG_OWNER=kcb kelompok
AIRFLOW_CTX_DAG_ID=saham_one_time_historical
AIRFLOW_CTX_TASK_ID=insert_table_perusahaan
AIRFLOW_CTX_EXECUTION_DATE=2022-11-27T12:06:20.476857+00:00
AIRFLOW_CTX_TRY_NUMBER=1
AIRFLOW_CTX_DAG_RUN_ID=manual__2022-11-27T12:06:20.476857+00:00
[2022-11-27T12:11:14.899+0000] {python.py:177} INFO - Done. Returned value was: None
[2022-11-27T12:11:14.989+0000] {taskinstance.py:1406} INFO - Marking task as SUCCESS. dag_id=saham_one_time_historical, task_id=insert_table_perusahaan, execution_date=20221127T120620, start_date=20221127T121025, end_date=20221127T121114
[2022-11-27T12:11:15.194+0000] {local_task_job.py:159} INFO - Task exited with return code 0
[2022-11-27T12:11:15.433+0000] {taskinstance.py:2623} INFO - 1 downstream tasks scheduled from follow-on schedule check
