[2022-11-27T12:09:25.960+0000] {taskinstance.py:1165} INFO - Dependencies all met for <TaskInstance: saham_one_time_historical.insert_table_saham manual__2022-11-27T12:06:20.476857+00:00 [queued]>
[2022-11-27T12:09:26.004+0000] {taskinstance.py:1165} INFO - Dependencies all met for <TaskInstance: saham_one_time_historical.insert_table_saham manual__2022-11-27T12:06:20.476857+00:00 [queued]>
[2022-11-27T12:09:26.007+0000] {taskinstance.py:1362} INFO - 
--------------------------------------------------------------------------------
[2022-11-27T12:09:26.010+0000] {taskinstance.py:1363} INFO - Starting attempt 1 of 4
[2022-11-27T12:09:26.014+0000] {taskinstance.py:1364} INFO - 
--------------------------------------------------------------------------------
[2022-11-27T12:09:26.074+0000] {taskinstance.py:1383} INFO - Executing <Task(PythonOperator): insert_table_saham> on 2022-11-27 12:06:20.476857+00:00
[2022-11-27T12:09:26.099+0000] {standard_task_runner.py:55} INFO - Started process 615 to run task
[2022-11-27T12:09:26.125+0000] {standard_task_runner.py:82} INFO - Running: ['***', 'tasks', 'run', 'saham_one_time_historical', 'insert_table_saham', 'manual__2022-11-27T12:06:20.476857+00:00', '--job-id', '81', '--raw', '--subdir', 'DAGS_FOLDER/one_time_historical_dag.py', '--cfg-path', '/tmp/tmp1m_bcsgs']
[2022-11-27T12:09:26.131+0000] {standard_task_runner.py:83} INFO - Job 81: Subtask insert_table_saham
[2022-11-27T12:09:26.356+0000] {task_command.py:376} INFO - Running <TaskInstance: saham_one_time_historical.insert_table_saham manual__2022-11-27T12:06:20.476857+00:00 [running]> on host 3cef85d75852
[2022-11-27T12:09:26.802+0000] {taskinstance.py:1592} INFO - Exporting the following env vars:
AIRFLOW_CTX_DAG_OWNER=kcb kelompok
AIRFLOW_CTX_DAG_ID=saham_one_time_historical
AIRFLOW_CTX_TASK_ID=insert_table_saham
AIRFLOW_CTX_EXECUTION_DATE=2022-11-27T12:06:20.476857+00:00
AIRFLOW_CTX_TRY_NUMBER=1
AIRFLOW_CTX_DAG_RUN_ID=manual__2022-11-27T12:06:20.476857+00:00
[2022-11-27T12:10:20.586+0000] {python.py:177} INFO - Done. Returned value was: None
[2022-11-27T12:10:20.644+0000] {taskinstance.py:1406} INFO - Marking task as SUCCESS. dag_id=saham_one_time_historical, task_id=insert_table_saham, execution_date=20221127T120620, start_date=20221127T120925, end_date=20221127T121020
[2022-11-27T12:10:20.965+0000] {local_task_job.py:159} INFO - Task exited with return code 0
[2022-11-27T12:10:21.249+0000] {taskinstance.py:2623} INFO - 0 downstream tasks scheduled from follow-on schedule check
