[2022-11-27T09:16:45.405+0000] {taskinstance.py:1165} INFO - Dependencies all met for <TaskInstance: saham_one_time_historical.create_table_saham manual__2022-11-27T09:16:09.888876+00:00 [queued]>
[2022-11-27T09:16:45.442+0000] {taskinstance.py:1165} INFO - Dependencies all met for <TaskInstance: saham_one_time_historical.create_table_saham manual__2022-11-27T09:16:09.888876+00:00 [queued]>
[2022-11-27T09:16:45.444+0000] {taskinstance.py:1362} INFO - 
--------------------------------------------------------------------------------
[2022-11-27T09:16:45.447+0000] {taskinstance.py:1363} INFO - Starting attempt 1 of 4
[2022-11-27T09:16:45.448+0000] {taskinstance.py:1364} INFO - 
--------------------------------------------------------------------------------
[2022-11-27T09:16:45.484+0000] {taskinstance.py:1383} INFO - Executing <Task(PythonOperator): create_table_saham> on 2022-11-27 09:16:09.888876+00:00
[2022-11-27T09:16:45.521+0000] {standard_task_runner.py:55} INFO - Started process 1874 to run task
[2022-11-27T09:16:45.526+0000] {standard_task_runner.py:82} INFO - Running: ['***', 'tasks', 'run', 'saham_one_time_historical', 'create_table_saham', 'manual__2022-11-27T09:16:09.888876+00:00', '--job-id', '7', '--raw', '--subdir', 'DAGS_FOLDER/one_time_historical_dag.py', '--cfg-path', '/tmp/tmp2jgoixes']
[2022-11-27T09:16:45.579+0000] {standard_task_runner.py:83} INFO - Job 7: Subtask create_table_saham
[2022-11-27T09:16:46.003+0000] {task_command.py:376} INFO - Running <TaskInstance: saham_one_time_historical.create_table_saham manual__2022-11-27T09:16:09.888876+00:00 [running]> on host 3cef85d75852
[2022-11-27T09:16:47.452+0000] {taskinstance.py:1592} INFO - Exporting the following env vars:
AIRFLOW_CTX_DAG_OWNER=kcb kelompok
AIRFLOW_CTX_DAG_ID=saham_one_time_historical
AIRFLOW_CTX_TASK_ID=create_table_saham
AIRFLOW_CTX_EXECUTION_DATE=2022-11-27T09:16:09.888876+00:00
AIRFLOW_CTX_TRY_NUMBER=1
AIRFLOW_CTX_DAG_RUN_ID=manual__2022-11-27T09:16:09.888876+00:00
[2022-11-27T09:16:49.939+0000] {python.py:177} INFO - Done. Returned value was: None
[2022-11-27T09:16:50.370+0000] {taskinstance.py:1406} INFO - Marking task as SUCCESS. dag_id=saham_one_time_historical, task_id=create_table_saham, execution_date=20221127T091609, start_date=20221127T091645, end_date=20221127T091650
[2022-11-27T09:16:50.564+0000] {local_task_job.py:159} INFO - Task exited with return code 0
[2022-11-27T09:16:50.765+0000] {taskinstance.py:2623} INFO - 1 downstream tasks scheduled from follow-on schedule check
