[2022-11-27T09:43:44.756+0000] {taskinstance.py:1165} INFO - Dependencies all met for <TaskInstance: saham_one_time_historical.create_table_saham manual__2022-11-27T09:30:21.668160+00:00 [queued]>
[2022-11-27T09:43:44.879+0000] {taskinstance.py:1165} INFO - Dependencies all met for <TaskInstance: saham_one_time_historical.create_table_saham manual__2022-11-27T09:30:21.668160+00:00 [queued]>
[2022-11-27T09:43:44.897+0000] {taskinstance.py:1362} INFO - 
--------------------------------------------------------------------------------
[2022-11-27T09:43:44.904+0000] {taskinstance.py:1363} INFO - Starting attempt 1 of 4
[2022-11-27T09:43:44.923+0000] {taskinstance.py:1364} INFO - 
--------------------------------------------------------------------------------
[2022-11-27T09:43:56.073+0000] {taskinstance.py:1383} INFO - Executing <Task(PythonOperator): create_table_saham> on 2022-11-27 09:30:21.668160+00:00
[2022-11-27T09:43:58.064+0000] {standard_task_runner.py:55} INFO - Started process 140 to run task
[2022-11-27T09:43:58.766+0000] {standard_task_runner.py:82} INFO - Running: ['***', 'tasks', 'run', 'saham_one_time_historical', 'create_table_saham', 'manual__2022-11-27T09:30:21.668160+00:00', '--job-id', '13', '--raw', '--subdir', 'DAGS_FOLDER/one_time_historical_dag.py', '--cfg-path', '/tmp/tmp3k8ug3lx']
[2022-11-27T09:43:58.802+0000] {standard_task_runner.py:83} INFO - Job 13: Subtask create_table_saham
[2022-11-27T09:43:59.803+0000] {task_command.py:376} INFO - Running <TaskInstance: saham_one_time_historical.create_table_saham manual__2022-11-27T09:30:21.668160+00:00 [running]> on host 3cef85d75852
[2022-11-27T09:44:00.956+0000] {taskinstance.py:1592} INFO - Exporting the following env vars:
AIRFLOW_CTX_DAG_OWNER=kcb kelompok
AIRFLOW_CTX_DAG_ID=saham_one_time_historical
AIRFLOW_CTX_TASK_ID=create_table_saham
AIRFLOW_CTX_EXECUTION_DATE=2022-11-27T09:30:21.668160+00:00
AIRFLOW_CTX_TRY_NUMBER=1
AIRFLOW_CTX_DAG_RUN_ID=manual__2022-11-27T09:30:21.668160+00:00
[2022-11-27T09:44:02.847+0000] {python.py:177} INFO - Done. Returned value was: None
[2022-11-27T09:44:02.914+0000] {taskinstance.py:1406} INFO - Marking task as SUCCESS. dag_id=saham_one_time_historical, task_id=create_table_saham, execution_date=20221127T093021, start_date=20221127T094344, end_date=20221127T094402
[2022-11-27T09:44:03.297+0000] {local_task_job.py:159} INFO - Task exited with return code 0
[2022-11-27T09:44:04.076+0000] {taskinstance.py:2623} INFO - 1 downstream tasks scheduled from follow-on schedule check
