[2022-11-27T12:06:41.669+0000] {taskinstance.py:1165} INFO - Dependencies all met for <TaskInstance: saham_one_time_historical.drop_all_table manual__2022-11-27T12:06:20.476857+00:00 [queued]>
[2022-11-27T12:06:41.730+0000] {taskinstance.py:1165} INFO - Dependencies all met for <TaskInstance: saham_one_time_historical.drop_all_table manual__2022-11-27T12:06:20.476857+00:00 [queued]>
[2022-11-27T12:06:41.733+0000] {taskinstance.py:1362} INFO - 
--------------------------------------------------------------------------------
[2022-11-27T12:06:41.736+0000] {taskinstance.py:1363} INFO - Starting attempt 1 of 4
[2022-11-27T12:06:41.741+0000] {taskinstance.py:1364} INFO - 
--------------------------------------------------------------------------------
[2022-11-27T12:07:02.568+0000] {taskinstance.py:1383} INFO - Executing <Task(PythonOperator): drop_all_table> on 2022-11-27 12:06:20.476857+00:00
[2022-11-27T12:07:12.658+0000] {standard_task_runner.py:55} INFO - Started process 540 to run task
[2022-11-27T12:07:13.266+0000] {standard_task_runner.py:82} INFO - Running: ['***', 'tasks', 'run', 'saham_one_time_historical', 'drop_all_table', 'manual__2022-11-27T12:06:20.476857+00:00', '--job-id', '77', '--raw', '--subdir', 'DAGS_FOLDER/one_time_historical_dag.py', '--cfg-path', '/tmp/tmptuoyvazz']
[2022-11-27T12:07:13.566+0000] {standard_task_runner.py:83} INFO - Job 77: Subtask drop_all_table
[2022-11-27T12:07:24.528+0000] {task_command.py:376} INFO - Running <TaskInstance: saham_one_time_historical.drop_all_table manual__2022-11-27T12:06:20.476857+00:00 [running]> on host 3cef85d75852
[2022-11-27T12:07:26.268+0000] {taskinstance.py:1592} INFO - Exporting the following env vars:
AIRFLOW_CTX_DAG_OWNER=kcb kelompok
AIRFLOW_CTX_DAG_ID=saham_one_time_historical
AIRFLOW_CTX_TASK_ID=drop_all_table
AIRFLOW_CTX_EXECUTION_DATE=2022-11-27T12:06:20.476857+00:00
AIRFLOW_CTX_TRY_NUMBER=1
AIRFLOW_CTX_DAG_RUN_ID=manual__2022-11-27T12:06:20.476857+00:00
[2022-11-27T12:07:28.190+0000] {python.py:177} INFO - Done. Returned value was: None
[2022-11-27T12:07:28.767+0000] {taskinstance.py:1406} INFO - Marking task as SUCCESS. dag_id=saham_one_time_historical, task_id=drop_all_table, execution_date=20221127T120620, start_date=20221127T120641, end_date=20221127T120728
[2022-11-27T12:07:29.232+0000] {local_task_job.py:159} INFO - Task exited with return code 0
[2022-11-27T12:07:29.765+0000] {taskinstance.py:2623} INFO - 0 downstream tasks scheduled from follow-on schedule check
