[2022-11-27T13:22:33.422+0000] {taskinstance.py:1165} INFO - Dependencies all met for <TaskInstance: saham_one_time_historical.create_table_saham manual__2022-11-27T13:21:37.286148+00:00 [queued]>
[2022-11-27T13:22:33.615+0000] {taskinstance.py:1165} INFO - Dependencies all met for <TaskInstance: saham_one_time_historical.create_table_saham manual__2022-11-27T13:21:37.286148+00:00 [queued]>
[2022-11-27T13:22:33.662+0000] {taskinstance.py:1362} INFO - 
--------------------------------------------------------------------------------
[2022-11-27T13:22:33.727+0000] {taskinstance.py:1363} INFO - Starting attempt 1 of 4
[2022-11-27T13:22:33.738+0000] {taskinstance.py:1364} INFO - 
--------------------------------------------------------------------------------
[2022-11-27T13:22:36.505+0000] {taskinstance.py:1383} INFO - Executing <Task(PythonOperator): create_table_saham> on 2022-11-27 13:21:37.286148+00:00
[2022-11-27T13:22:36.767+0000] {standard_task_runner.py:55} INFO - Started process 226 to run task
[2022-11-27T13:22:37.404+0000] {standard_task_runner.py:82} INFO - Running: ['***', 'tasks', 'run', 'saham_one_time_historical', 'create_table_saham', 'manual__2022-11-27T13:21:37.286148+00:00', '--job-id', '92', '--raw', '--subdir', 'DAGS_FOLDER/one_time_historical_dag.py', '--cfg-path', '/tmp/tmplpotnxwn']
[2022-11-27T13:22:37.595+0000] {standard_task_runner.py:83} INFO - Job 92: Subtask create_table_saham
[2022-11-27T13:22:43.365+0000] {task_command.py:376} INFO - Running <TaskInstance: saham_one_time_historical.create_table_saham manual__2022-11-27T13:21:37.286148+00:00 [running]> on host 3cef85d75852
[2022-11-27T13:22:48.818+0000] {taskinstance.py:1592} INFO - Exporting the following env vars:
AIRFLOW_CTX_DAG_OWNER=kcb kelompok
AIRFLOW_CTX_DAG_ID=saham_one_time_historical
AIRFLOW_CTX_TASK_ID=create_table_saham
AIRFLOW_CTX_EXECUTION_DATE=2022-11-27T13:21:37.286148+00:00
AIRFLOW_CTX_TRY_NUMBER=1
AIRFLOW_CTX_DAG_RUN_ID=manual__2022-11-27T13:21:37.286148+00:00
[2022-11-27T13:22:52.250+0000] {python.py:177} INFO - Done. Returned value was: None
[2022-11-27T13:22:52.382+0000] {taskinstance.py:1406} INFO - Marking task as SUCCESS. dag_id=saham_one_time_historical, task_id=create_table_saham, execution_date=20221127T132137, start_date=20221127T132233, end_date=20221127T132252
[2022-11-27T13:22:53.291+0000] {local_task_job.py:159} INFO - Task exited with return code 0
[2022-11-27T13:22:54.315+0000] {taskinstance.py:2623} INFO - 4 downstream tasks scheduled from follow-on schedule check
