[2022-11-27T12:11:27.731+0000] {taskinstance.py:1165} INFO - Dependencies all met for <TaskInstance: saham_one_time_historical.insert_table_sekuritas manual__2022-11-27T12:06:20.476857+00:00 [queued]>
[2022-11-27T12:11:27.780+0000] {taskinstance.py:1165} INFO - Dependencies all met for <TaskInstance: saham_one_time_historical.insert_table_sekuritas manual__2022-11-27T12:06:20.476857+00:00 [queued]>
[2022-11-27T12:11:27.782+0000] {taskinstance.py:1362} INFO - 
--------------------------------------------------------------------------------
[2022-11-27T12:11:27.787+0000] {taskinstance.py:1363} INFO - Starting attempt 1 of 4
[2022-11-27T12:11:27.789+0000] {taskinstance.py:1364} INFO - 
--------------------------------------------------------------------------------
[2022-11-27T12:11:27.883+0000] {taskinstance.py:1383} INFO - Executing <Task(PythonOperator): insert_table_sekuritas> on 2022-11-27 12:06:20.476857+00:00
[2022-11-27T12:11:27.904+0000] {standard_task_runner.py:55} INFO - Started process 677 to run task
[2022-11-27T12:11:27.914+0000] {standard_task_runner.py:82} INFO - Running: ['***', 'tasks', 'run', 'saham_one_time_historical', 'insert_table_sekuritas', 'manual__2022-11-27T12:06:20.476857+00:00', '--job-id', '83', '--raw', '--subdir', 'DAGS_FOLDER/one_time_historical_dag.py', '--cfg-path', '/tmp/tmp8rs4yvsd']
[2022-11-27T12:11:27.920+0000] {standard_task_runner.py:83} INFO - Job 83: Subtask insert_table_sekuritas
[2022-11-27T12:11:28.234+0000] {task_command.py:376} INFO - Running <TaskInstance: saham_one_time_historical.insert_table_sekuritas manual__2022-11-27T12:06:20.476857+00:00 [running]> on host 3cef85d75852
[2022-11-27T12:11:28.588+0000] {taskinstance.py:1592} INFO - Exporting the following env vars:
AIRFLOW_CTX_DAG_OWNER=kcb kelompok
AIRFLOW_CTX_DAG_ID=saham_one_time_historical
AIRFLOW_CTX_TASK_ID=insert_table_sekuritas
AIRFLOW_CTX_EXECUTION_DATE=2022-11-27T12:06:20.476857+00:00
AIRFLOW_CTX_TRY_NUMBER=1
AIRFLOW_CTX_DAG_RUN_ID=manual__2022-11-27T12:06:20.476857+00:00
[2022-11-27T12:11:36.862+0000] {python.py:177} INFO - Done. Returned value was: None
[2022-11-27T12:11:36.965+0000] {taskinstance.py:1406} INFO - Marking task as SUCCESS. dag_id=saham_one_time_historical, task_id=insert_table_sekuritas, execution_date=20221127T120620, start_date=20221127T121127, end_date=20221127T121136
[2022-11-27T12:11:37.716+0000] {local_task_job.py:159} INFO - Task exited with return code 0
[2022-11-27T12:11:38.226+0000] {taskinstance.py:2623} INFO - 1 downstream tasks scheduled from follow-on schedule check
