[2022-11-27T13:06:08.091+0000] {taskinstance.py:1165} INFO - Dependencies all met for <TaskInstance: saham_one_time_historical.create_table_harga_saham manual__2022-11-27T13:01:58.513278+00:00 [queued]>
[2022-11-27T13:06:10.010+0000] {taskinstance.py:1165} INFO - Dependencies all met for <TaskInstance: saham_one_time_historical.create_table_harga_saham manual__2022-11-27T13:01:58.513278+00:00 [queued]>
[2022-11-27T13:06:10.225+0000] {taskinstance.py:1362} INFO - 
--------------------------------------------------------------------------------
[2022-11-27T13:06:10.247+0000] {taskinstance.py:1363} INFO - Starting attempt 1 of 4
[2022-11-27T13:06:10.270+0000] {taskinstance.py:1364} INFO - 
--------------------------------------------------------------------------------
[2022-11-27T13:06:12.783+0000] {taskinstance.py:1383} INFO - Executing <Task(PythonOperator): create_table_harga_saham> on 2022-11-27 13:01:58.513278+00:00
[2022-11-27T13:06:15.962+0000] {standard_task_runner.py:55} INFO - Started process 2565 to run task
[2022-11-27T13:06:16.656+0000] {standard_task_runner.py:82} INFO - Running: ['***', 'tasks', 'run', 'saham_one_time_historical', 'create_table_harga_saham', 'manual__2022-11-27T13:01:58.513278+00:00', '--job-id', '88', '--raw', '--subdir', 'DAGS_FOLDER/one_time_historical_dag.py', '--cfg-path', '/tmp/tmpsxtby_fj']
[2022-11-27T13:06:17.021+0000] {standard_task_runner.py:83} INFO - Job 88: Subtask create_table_harga_saham
[2022-11-27T13:07:38.669+0000] {task_command.py:376} INFO - Running <TaskInstance: saham_one_time_historical.create_table_harga_saham manual__2022-11-27T13:01:58.513278+00:00 [running]> on host 3cef85d75852
[2022-11-27T13:08:20.580+0000] {taskinstance.py:1592} INFO - Exporting the following env vars:
AIRFLOW_CTX_DAG_OWNER=kcb kelompok
AIRFLOW_CTX_DAG_ID=saham_one_time_historical
AIRFLOW_CTX_TASK_ID=create_table_harga_saham
AIRFLOW_CTX_EXECUTION_DATE=2022-11-27T13:01:58.513278+00:00
AIRFLOW_CTX_TRY_NUMBER=1
AIRFLOW_CTX_DAG_RUN_ID=manual__2022-11-27T13:01:58.513278+00:00
[2022-11-27T13:09:09.263+0000] {python.py:177} INFO - Done. Returned value was: None
