[2022-11-27T09:54:51.292+0000] {taskinstance.py:1165} INFO - Dependencies all met for <TaskInstance: saham_one_time_historical.create_table_saham manual__2022-11-27T09:54:20.164703+00:00 [queued]>
[2022-11-27T09:54:51.355+0000] {taskinstance.py:1165} INFO - Dependencies all met for <TaskInstance: saham_one_time_historical.create_table_saham manual__2022-11-27T09:54:20.164703+00:00 [queued]>
[2022-11-27T09:54:51.357+0000] {taskinstance.py:1362} INFO - 
--------------------------------------------------------------------------------
[2022-11-27T09:54:51.360+0000] {taskinstance.py:1363} INFO - Starting attempt 1 of 4
[2022-11-27T09:54:51.363+0000] {taskinstance.py:1364} INFO - 
--------------------------------------------------------------------------------
[2022-11-27T09:54:51.434+0000] {taskinstance.py:1383} INFO - Executing <Task(PythonOperator): create_table_saham> on 2022-11-27 09:54:20.164703+00:00
[2022-11-27T09:54:51.460+0000] {standard_task_runner.py:55} INFO - Started process 522 to run task
[2022-11-27T09:54:51.478+0000] {standard_task_runner.py:82} INFO - Running: ['***', 'tasks', 'run', 'saham_one_time_historical', 'create_table_saham', 'manual__2022-11-27T09:54:20.164703+00:00', '--job-id', '20', '--raw', '--subdir', 'DAGS_FOLDER/one_time_historical_dag.py', '--cfg-path', '/tmp/tmpw5b0qt6t']
[2022-11-27T09:54:51.497+0000] {standard_task_runner.py:83} INFO - Job 20: Subtask create_table_saham
[2022-11-27T09:54:52.420+0000] {task_command.py:376} INFO - Running <TaskInstance: saham_one_time_historical.create_table_saham manual__2022-11-27T09:54:20.164703+00:00 [running]> on host 3cef85d75852
[2022-11-27T09:54:57.408+0000] {taskinstance.py:1592} INFO - Exporting the following env vars:
AIRFLOW_CTX_DAG_OWNER=kcb kelompok
AIRFLOW_CTX_DAG_ID=saham_one_time_historical
AIRFLOW_CTX_TASK_ID=create_table_saham
AIRFLOW_CTX_EXECUTION_DATE=2022-11-27T09:54:20.164703+00:00
AIRFLOW_CTX_TRY_NUMBER=1
AIRFLOW_CTX_DAG_RUN_ID=manual__2022-11-27T09:54:20.164703+00:00
[2022-11-27T09:55:01.229+0000] {python.py:177} INFO - Done. Returned value was: None
[2022-11-27T09:55:02.122+0000] {taskinstance.py:1406} INFO - Marking task as SUCCESS. dag_id=saham_one_time_historical, task_id=create_table_saham, execution_date=20221127T095420, start_date=20221127T095451, end_date=20221127T095502
[2022-11-27T09:55:02.907+0000] {local_task_job.py:159} INFO - Task exited with return code 0
[2022-11-27T09:55:03.255+0000] {taskinstance.py:2623} INFO - 1 downstream tasks scheduled from follow-on schedule check
