[2022-11-27T09:43:12.596+0000] {taskinstance.py:1165} INFO - Dependencies all met for <TaskInstance: saham_one_time_historical.drop_all_table manual__2022-11-27T09:30:21.668160+00:00 [queued]>
[2022-11-27T09:43:12.767+0000] {taskinstance.py:1165} INFO - Dependencies all met for <TaskInstance: saham_one_time_historical.drop_all_table manual__2022-11-27T09:30:21.668160+00:00 [queued]>
[2022-11-27T09:43:12.774+0000] {taskinstance.py:1362} INFO - 
--------------------------------------------------------------------------------
[2022-11-27T09:43:12.796+0000] {taskinstance.py:1363} INFO - Starting attempt 1 of 4
[2022-11-27T09:43:12.804+0000] {taskinstance.py:1364} INFO - 
--------------------------------------------------------------------------------
[2022-11-27T09:43:16.596+0000] {taskinstance.py:1383} INFO - Executing <Task(PythonOperator): drop_all_table> on 2022-11-27 09:30:21.668160+00:00
[2022-11-27T09:43:21.333+0000] {standard_task_runner.py:55} INFO - Started process 118 to run task
[2022-11-27T09:43:23.916+0000] {standard_task_runner.py:82} INFO - Running: ['***', 'tasks', 'run', 'saham_one_time_historical', 'drop_all_table', 'manual__2022-11-27T09:30:21.668160+00:00', '--job-id', '12', '--raw', '--subdir', 'DAGS_FOLDER/one_time_historical_dag.py', '--cfg-path', '/tmp/tmpgv88jgkp']
[2022-11-27T09:43:24.751+0000] {standard_task_runner.py:83} INFO - Job 12: Subtask drop_all_table
[2022-11-27T09:43:30.448+0000] {task_command.py:376} INFO - Running <TaskInstance: saham_one_time_historical.drop_all_table manual__2022-11-27T09:30:21.668160+00:00 [running]> on host 3cef85d75852
[2022-11-27T09:43:33.350+0000] {taskinstance.py:1592} INFO - Exporting the following env vars:
AIRFLOW_CTX_DAG_OWNER=kcb kelompok
AIRFLOW_CTX_DAG_ID=saham_one_time_historical
AIRFLOW_CTX_TASK_ID=drop_all_table
AIRFLOW_CTX_EXECUTION_DATE=2022-11-27T09:30:21.668160+00:00
AIRFLOW_CTX_TRY_NUMBER=1
AIRFLOW_CTX_DAG_RUN_ID=manual__2022-11-27T09:30:21.668160+00:00
[2022-11-27T09:43:35.478+0000] {python.py:177} INFO - Done. Returned value was: None
[2022-11-27T09:43:35.626+0000] {taskinstance.py:1406} INFO - Marking task as SUCCESS. dag_id=saham_one_time_historical, task_id=drop_all_table, execution_date=20221127T093021, start_date=20221127T094312, end_date=20221127T094335
[2022-11-27T09:43:35.962+0000] {local_task_job.py:159} INFO - Task exited with return code 0
[2022-11-27T09:43:36.245+0000] {taskinstance.py:2623} INFO - 1 downstream tasks scheduled from follow-on schedule check
