[2022-11-27T10:28:51.540+0000] {taskinstance.py:1165} INFO - Dependencies all met for <TaskInstance: saham_one_time_historical.insert_table_saham manual__2022-11-27T10:26:35.284315+00:00 [queued]>
[2022-11-27T10:28:51.966+0000] {taskinstance.py:1165} INFO - Dependencies all met for <TaskInstance: saham_one_time_historical.insert_table_saham manual__2022-11-27T10:26:35.284315+00:00 [queued]>
[2022-11-27T10:28:51.971+0000] {taskinstance.py:1362} INFO - 
--------------------------------------------------------------------------------
[2022-11-27T10:28:52.009+0000] {taskinstance.py:1363} INFO - Starting attempt 1 of 4
[2022-11-27T10:28:52.013+0000] {taskinstance.py:1364} INFO - 
--------------------------------------------------------------------------------
[2022-11-27T10:28:52.364+0000] {taskinstance.py:1383} INFO - Executing <Task(PythonOperator): insert_table_saham> on 2022-11-27 10:26:35.284315+00:00
[2022-11-27T10:28:52.493+0000] {standard_task_runner.py:55} INFO - Started process 148 to run task
[2022-11-27T10:28:52.587+0000] {standard_task_runner.py:82} INFO - Running: ['***', 'tasks', 'run', 'saham_one_time_historical', 'insert_table_saham', 'manual__2022-11-27T10:26:35.284315+00:00', '--job-id', '30', '--raw', '--subdir', 'DAGS_FOLDER/one_time_historical_dag.py', '--cfg-path', '/tmp/tmpshij2x_8']
[2022-11-27T10:28:52.645+0000] {standard_task_runner.py:83} INFO - Job 30: Subtask insert_table_saham
[2022-11-27T10:28:58.124+0000] {task_command.py:376} INFO - Running <TaskInstance: saham_one_time_historical.insert_table_saham manual__2022-11-27T10:26:35.284315+00:00 [running]> on host 3cef85d75852
[2022-11-27T10:28:59.660+0000] {taskinstance.py:1592} INFO - Exporting the following env vars:
AIRFLOW_CTX_DAG_OWNER=kcb kelompok
AIRFLOW_CTX_DAG_ID=saham_one_time_historical
AIRFLOW_CTX_TASK_ID=insert_table_saham
AIRFLOW_CTX_EXECUTION_DATE=2022-11-27T10:26:35.284315+00:00
AIRFLOW_CTX_TRY_NUMBER=1
AIRFLOW_CTX_DAG_RUN_ID=manual__2022-11-27T10:26:35.284315+00:00
[2022-11-27T10:29:29.756+0000] {python.py:177} INFO - Done. Returned value was: None
[2022-11-27T10:29:29.804+0000] {taskinstance.py:1406} INFO - Marking task as SUCCESS. dag_id=saham_one_time_historical, task_id=insert_table_saham, execution_date=20221127T102635, start_date=20221127T102851, end_date=20221127T102929
[2022-11-27T10:29:29.994+0000] {local_task_job.py:159} INFO - Task exited with return code 0
[2022-11-27T10:29:30.364+0000] {taskinstance.py:2623} INFO - 1 downstream tasks scheduled from follow-on schedule check
